0 info it worked if it ends with ok
1 verbose cli [ 'node', '/usr/local/bin/npm', 'publish' ]
2 info using npm@2.11.3
3 info using node@v0.12.7
4 verbose publish [ '.' ]
5 silly cache add args [ '.', null ]
6 verbose cache add spec .
7 silly cache add parsed spec { raw: '.',
7 silly cache add   scope: null,
7 silly cache add   name: null,
7 silly cache add   rawSpec: '.',
7 silly cache add   spec: '/Users/TuanKA/Desktop/Danske/danskebank-auth',
7 silly cache add   type: 'directory' }
8 verbose addLocalDirectory /Users/TuanKA/.npm/danskebank-auth/0.9.0/package.tgz not in flight; packing
9 verbose tar pack [ '/Users/TuanKA/.npm/danskebank-auth/0.9.0/package.tgz',
9 verbose tar pack   '/Users/TuanKA/Desktop/Danske/danskebank-auth' ]
10 verbose tarball /Users/TuanKA/.npm/danskebank-auth/0.9.0/package.tgz
11 verbose folder /Users/TuanKA/Desktop/Danske/danskebank-auth
12 info prepublish danskebank-auth@0.9.0
13 verbose addLocalTarball adding from inside cache /Users/TuanKA/.npm/danskebank-auth/0.9.0/package.tgz
14 silly cache afterAdd danskebank-auth@0.9.0
15 verbose afterAdd /Users/TuanKA/.npm/danskebank-auth/0.9.0/package/package.json not in flight; writing
16 verbose afterAdd /Users/TuanKA/.npm/danskebank-auth/0.9.0/package/package.json written
17 silly publish { name: 'danskebank-auth',
17 silly publish   version: '0.9.0',
17 silly publish   description: 'A module that helps to authenticate',
17 silly publish   main: [ './dist/ionic-danskebank-auth.bundle.min.js' ],
17 silly publish   repository:
17 silly publish    { type: 'git',
17 silly publish      url: 'git+https://github.com/tuanka/danskebank-auth.git' },
17 silly publish   scripts: {},
17 silly publish   author: { name: 'https://github.com/tuanka/danskebank-auth.git, tuankaka@gmail.com' },
17 silly publish   license: 'MIT',
17 silly publish   dependencies: {},
17 silly publish   devDependencies:
17 silly publish    { gulp: '^3.8.7',
17 silly publish      'gulp-concat': '^2.6.0',
17 silly publish      'gulp-uglify': '^1.2.0',
17 silly publish      'gulp-jshint': '^1.8.4',
17 silly publish      'gulp-plumber': '^0.6.6',
17 silly publish      'gulp-rename': '^1.2.0' },
17 silly publish   readme: '# danskebank-auth\n',
17 silly publish   readmeFilename: 'README.md',
17 silly publish   gitHead: 'f0a5b6573f11aacb4e78a1566b4f644536ef8574',
17 silly publish   bugs: { url: 'https://github.com/tuanka/danskebank-auth/issues' },
17 silly publish   homepage: 'https://github.com/tuanka/danskebank-auth#readme',
17 silly publish   _id: 'danskebank-auth@0.9.0',
17 silly publish   _shasum: '636b040ad984c213e782d1172cfa301aaad04b7b',
17 silly publish   _from: '.' }
18 verbose getPublishConfig undefined
19 silly mapToRegistry name danskebank-auth
20 silly mapToRegistry using default registry
21 silly mapToRegistry registry http://sbybz2161.sby.ibm.com:4873/
22 silly mapToRegistry uri http://sbybz2161.sby.ibm.com:4873/danskebank-auth
23 verbose publish registryBase http://sbybz2161.sby.ibm.com:4873/
24 silly publish uploading /Users/TuanKA/.npm/danskebank-auth/0.9.0/package.tgz
25 verbose request uri http://sbybz2161.sby.ibm.com:4873/danskebank-auth
26 verbose request sending authorization for write operation
27 info attempt registry request try #1 at 4:15:38 PM
28 verbose request using bearer token for auth
29 verbose request id c4dc08e9c84a136d
30 http request PUT http://sbybz2161.sby.ibm.com:4873/danskebank-auth
31 http 409 http://sbybz2161.sby.ibm.com:4873/danskebank-auth
32 verbose headers { 'x-powered-by': 'Sinopia/1.4.0',
32 verbose headers   'content-type': 'application/json; charset=utf-8',
32 verbose headers   'content-length': '49',
32 verbose headers   vary: 'Accept-Encoding',
32 verbose headers   'x-status-cat': 'http://flic.kr/p/aV6jzz',
32 verbose headers   date: 'Wed, 16 Sep 2015 09:15:25 GMT',
32 verbose headers   connection: 'keep-alive' }
33 verbose request invalidating /Users/TuanKA/.npm/sbybz2161.sby.ibm.com_4873/danskebank-auth on PUT
34 verbose request uri http://sbybz2161.sby.ibm.com:4873/danskebank-auth?write=true
35 verbose request no auth needed
36 info attempt registry request try #1 at 4:15:38 PM
37 verbose request using bearer token for auth
38 http request GET http://sbybz2161.sby.ibm.com:4873/danskebank-auth?write=true
39 http 200 http://sbybz2161.sby.ibm.com:4873/danskebank-auth?write=true
40 verbose stack Error: cannot modify pre-existing version
40 verbose stack     at conflictError (/usr/local/lib/node_modules/npm/node_modules/npm-registry-client/lib/publish.js:182:11)
40 verbose stack     at CachingRegistryClient.putNext (/usr/local/lib/node_modules/npm/node_modules/npm-registry-client/lib/publish.js:145:15)
40 verbose stack     at /usr/local/lib/node_modules/npm/node_modules/npm-registry-client/lib/publish.js:128:15
40 verbose stack     at /usr/local/lib/node_modules/npm/lib/cache/caching-client.js:52:8
40 verbose stack     at f (/usr/local/lib/node_modules/npm/node_modules/once/once.js:17:25)
40 verbose stack     at /usr/local/lib/node_modules/npm/node_modules/npm-registry-client/lib/request.js:68:16
40 verbose stack     at f (/usr/local/lib/node_modules/npm/node_modules/once/once.js:17:25)
40 verbose stack     at CachingRegistryClient.<anonymous> (/usr/local/lib/node_modules/npm/node_modules/npm-registry-client/lib/request.js:255:12)
40 verbose stack     at /usr/local/lib/node_modules/npm/node_modules/npm-registry-client/lib/request.js:176:7
40 verbose stack     at Gunzip.onEnd (zlib.js:227:5)
41 verbose pkgid danskebank-auth
42 verbose cwd /Users/TuanKA/Desktop/Danske/danskebank-auth
43 error Darwin 13.4.0
44 error argv "node" "/usr/local/bin/npm" "publish"
45 error node v0.12.7
46 error npm  v2.11.3
47 error code EPUBLISHCONFLICT
48 error publish fail Cannot publish over existing version.
48 error publish fail Update the 'version' field in package.json and try again.
48 error publish fail
48 error publish fail To automatically increment version numbers, see:
48 error publish fail     npm help version
49 verbose exit [ 1, true ]
